YJ	AGU01
YJ	ALE01
YJ	AMG01
YJ	BAK01
YJ	BMU01
YJ	BMU02
YJ	BMU03
YJ	BMU05
YJ	CAL01
YJ	CHB01
YJ	CHC01
YJ	CHN01
YJ	CHN02
YJ	CHN03
YJ	CHN04
YJ	COC01
YJ	COY01
YJ	COY02
YJ	COY03
YJ	COY04
YJ	COY05
YJ	CTS01
YJ	FNL01
YJ	HOP01
YJ	HUD01
YJ	HUM01
YJ	IBJ01
YJ	IDA01
YJ	IMG01
YJ	IML01
YJ	ISM01
YJ	IVV01
YJ	JEI01
YJ	JEI02
YJ	LPL01
YJ	LRC01
YJ	LSR01
YJ	LSR02
YJ	LTQ01
YJ	MEL01
YJ	MRF01
YJ	NWM01
YJ	PDR01
YJ	PLM01
YJ	PYU01
YJ	RCO01
YJ	RCS01
YJ	RMB01
YJ	RMB02
YJ	RMG01
YJ	RPR01
YJ	RRS01
YJ	RRS02
YJ	RRS03
YJ	RRS04
YJ	RRS05
YJ	SAD01
YJ	TRG01
YJ	VCC01
YJ	VMG01
YJ	VOH01
YJ	YNG01
YJ	YNG02
